<?xml version="1.0" encoding="UTF-8"?>
<testsuite xmlns:xsi="http://www.w3.org/2001/XMLSchema-instance" xsi:noNamespaceSchemaLocation="https://maven.apache.org/surefire/maven-surefire-plugin/xsd/surefire-test-report.xsd" name="com.sangmin.AppTest" time="0.019" tests="1" errors="0" skipped="0" failures="0">
  <properties>
    <property name="sun.desktop" value="windows"/>
    <property name="awt.toolkit" value="sun.awt.windows.WToolkit"/>
    <property name="file.encoding.pkg" value="sun.io"/>
    <property name="java.specification.version" value="1.8"/>
    <property name="sun.cpu.isalist" value="amd64"/>
    <property name="sun.jnu.encoding" value="MS949"/>
    <property name="java.class.path" value="D:\DEV\eclipse-workspace\board-spring-boot-starter\target\test-classes;D:\DEV\eclipse-workspace\board-spring-boot-starter\target\classes;C:\Users\smpk3\.m2\repository\junit\junit\4.11\junit-4.11.jar;C:\Users\smpk3\.m2\repository\org\hamcrest\hamcrest-core\1.3\hamcrest-core-1.3.jar;C:\Users\smpk3\.m2\repository\org\springframework\boot\spring-boot-autoconfigure\2.1.5.RELEASE\spring-boot-autoconfigure-2.1.5.RELEASE.jar;C:\Users\smpk3\.m2\repository\org\springframework\boot\spring-boot\2.1.5.RELEASE\spring-boot-2.1.5.RELEASE.jar;C:\Users\smpk3\.m2\repository\org\springframework\spring-core\5.1.7.RELEASE\spring-core-5.1.7.RELEASE.jar;C:\Users\smpk3\.m2\repository\org\springframework\spring-jcl\5.1.7.RELEASE\spring-jcl-5.1.7.RELEASE.jar;C:\Users\smpk3\.m2\repository\org\springframework\spring-context\5.1.7.RELEASE\spring-context-5.1.7.RELEASE.jar;C:\Users\smpk3\.m2\repository\org\springframework\spring-aop\5.1.7.RELEASE\spring-aop-5.1.7.RELEASE.jar;C:\Users\smpk3\.m2\repository\org\springframework\spring-beans\5.1.7.RELEASE\spring-beans-5.1.7.RELEASE.jar;C:\Users\smpk3\.m2\repository\org\springframework\spring-expression\5.1.7.RELEASE\spring-expression-5.1.7.RELEASE.jar;C:\Users\smpk3\.m2\repository\org\springframework\boot\spring-boot-configuration-processor\2.1.5.RELEASE\spring-boot-configuration-processor-2.1.5.RELEASE.jar;"/>
    <property name="java.vm.vendor" value="Oracle Corporation"/>
    <property name="sun.arch.data.model" value="64"/>
    <property name="user.variant" value=""/>
    <property name="java.vendor.url" value="http://java.oracle.com/"/>
    <property name="user.timezone" value="Asia/Seoul"/>
    <property name="java.vm.specification.version" value="1.8"/>
    <property name="os.name" value="Windows 10"/>
    <property name="user.country" value="KR"/>
    <property name="sun.java.launcher" value="SUN_STANDARD"/>
    <property name="sun.boot.library.path" value="D:\DEV\java\jre\bin"/>
    <property name="sun.java.command" value="C:\Users\smpk3\AppData\Local\Temp\surefire5435847041418937456\surefirebooter7072848108946942282.jar C:\Users\smpk3\AppData\Local\Temp\surefire5435847041418937456 2020-06-12T21-06-03_370-jvmRun1 surefire969530882068291144tmp surefire_04917956332594714806tmp"/>
    <property name="surefire.test.class.path" value="D:\DEV\eclipse-workspace\board-spring-boot-starter\target\test-classes;D:\DEV\eclipse-workspace\board-spring-boot-starter\target\classes;C:\Users\smpk3\.m2\repository\junit\junit\4.11\junit-4.11.jar;C:\Users\smpk3\.m2\repository\org\hamcrest\hamcrest-core\1.3\hamcrest-core-1.3.jar;C:\Users\smpk3\.m2\repository\org\springframework\boot\spring-boot-autoconfigure\2.1.5.RELEASE\spring-boot-autoconfigure-2.1.5.RELEASE.jar;C:\Users\smpk3\.m2\repository\org\springframework\boot\spring-boot\2.1.5.RELEASE\spring-boot-2.1.5.RELEASE.jar;C:\Users\smpk3\.m2\repository\org\springframework\spring-core\5.1.7.RELEASE\spring-core-5.1.7.RELEASE.jar;C:\Users\smpk3\.m2\repository\org\springframework\spring-jcl\5.1.7.RELEASE\spring-jcl-5.1.7.RELEASE.jar;C:\Users\smpk3\.m2\repository\org\springframework\spring-context\5.1.7.RELEASE\spring-context-5.1.7.RELEASE.jar;C:\Users\smpk3\.m2\repository\org\springframework\spring-aop\5.1.7.RELEASE\spring-aop-5.1.7.RELEASE.jar;C:\Users\smpk3\.m2\repository\org\springframework\spring-beans\5.1.7.RELEASE\spring-beans-5.1.7.RELEASE.jar;C:\Users\smpk3\.m2\repository\org\springframework\spring-expression\5.1.7.RELEASE\spring-expression-5.1.7.RELEASE.jar;C:\Users\smpk3\.m2\repository\org\springframework\boot\spring-boot-configuration-processor\2.1.5.RELEASE\spring-boot-configuration-processor-2.1.5.RELEASE.jar;"/>
    <property name="sun.cpu.endian" value="little"/>
    <property name="user.home" value="C:\Users\smpk3"/>
    <property name="user.language" value="ko"/>
    <property name="java.specification.vendor" value="Oracle Corporation"/>
    <property name="java.home" value="D:\DEV\java\jre"/>
    <property name="basedir" value="D:\DEV\eclipse-workspace\board-spring-boot-starter"/>
    <property name="style.color" value="always"/>
    <property name="file.separator" value="\"/>
    <property name="line.separator" value="&#10;"/>
    <property name="java.vm.specification.vendor" value="Oracle Corporation"/>
    <property name="java.specification.name" value="Java Platform API Specification"/>
    <property name="java.awt.graphicsenv" value="sun.awt.Win32GraphicsEnvironment"/>
    <property name="surefire.real.class.path" value="C:\Users\smpk3\AppData\Local\Temp\surefire5435847041418937456\surefirebooter7072848108946942282.jar"/>
    <property name="sun.boot.class.path" value="D:\DEV\java\jre\lib\resources.jar;D:\DEV\java\jre\lib\rt.jar;D:\DEV\java\jre\lib\sunrsasign.jar;D:\DEV\java\jre\lib\jsse.jar;D:\DEV\java\jre\lib\jce.jar;D:\DEV\java\jre\lib\charsets.jar;D:\DEV\java\jre\lib\jfr.jar;D:\DEV\java\jre\classes"/>
    <property name="user.script" value=""/>
    <property name="sun.management.compiler" value="HotSpot 64-Bit Tiered Compilers"/>
    <property name="java.runtime.version" value="1.8.0_252-b09"/>
    <property name="user.name" value="smpk32"/>
    <property name="path.separator" value=";"/>
    <property name="os.version" value="10.0"/>
    <property name="java.endorsed.dirs" value="D:\DEV\java\jre\lib\endorsed"/>
    <property name="java.runtime.name" value="OpenJDK Runtime Environment"/>
    <property name="file.encoding" value="MS949"/>
    <property name="java.vm.name" value="OpenJDK 64-Bit Server VM"/>
    <property name="localRepository" value="C:\Users\smpk3\.m2\repository"/>
    <property name="java.vendor.url.bug" value="http://bugreport.sun.com/bugreport/"/>
    <property name="java.io.tmpdir" value="C:\Users\smpk3\AppData\Local\Temp\"/>
    <property name="java.version" value="1.8.0_252"/>
    <property name="user.dir" value="D:\DEV\eclipse-workspace\board-spring-boot-starter"/>
    <property name="os.arch" value="amd64"/>
    <property name="java.vm.specification.name" value="Java Virtual Machine Specification"/>
    <property name="java.awt.printerjob" value="sun.awt.windows.WPrinterJob"/>
    <property name="sun.os.patch.level" value=""/>
    <property name="java.library.path" value="D:\DEV\java\jre\bin;C:\WINDOWS\Sun\Java\bin;C:\WINDOWS\system32;C:\WINDOWS;D:/DEV/java/bin/../jre/bin/server;D:/DEV/java/bin/../jre/bin;D:/DEV/java/bin/../jre/lib/amd64;C:\Program Files (x86)\NAT Service;C:\WINDOWS\system32;C:\WINDOWS;C:\WINDOWS\System32\Wbem;C:\WINDOWS\System32\WindowsPowerShell\v1.0\;C:\Program Files (x86)\NVIDIA Corporation\PhysX\Common;C:\Program Files\nodejs\;C:\Program Files (x86)\GtkSharp\2.12\bin;C:\WINDOWS\system32;C:\WINDOWS;C:\WINDOWS\System32\Wbem;C:\WINDOWS\System32\WindowsPowerShell\v1.0\;C:\WINDOWS\System32\OpenSSH\;D:\DEV\java\bin;C:\Program Files\Git\cmd;C:\Users\smpk3\AppData\Local\Programs\Python\Python37\Scripts\;C:\Users\smpk3\AppData\Local\Programs\Python\Python37\;C:\Users\smpk3\AppData\Local\Microsoft\WindowsApps;C:\Users\smpk3\AppData\Roaming\npm;C:\Users\smpk3\AppData\Local\atom\bin;C:\Users\smpk3\AppData\Local\Microsoft\WindowsApps;C:\Program Files\Microsoft VS Code\bin;C:\Program Files\Bandizip\;D:\Web\sts-bundle\sts-3.9.12.RELEASE;;."/>
    <property name="java.vm.info" value="mixed mode"/>
    <property name="java.vendor" value="Oracle Corporation"/>
    <property name="java.vm.version" value="25.252-b09"/>
    <property name="java.ext.dirs" value="D:\DEV\java\jre\lib\ext;C:\WINDOWS\Sun\Java\lib\ext"/>
    <property name="sun.io.unicode.encoding" value="UnicodeLittle"/>
    <property name="java.class.version" value="52.0"/>
  </properties>
  <testcase name="shouldAnswerWithTrue" classname="com.sangmin.AppTest" time="0.001"/>
</testsuite>